Running php-build composer
WARNING! Your password will be stored unencrypted in /home/runner/.docker/config.json.
Configure a credential helper to remove this warning. See
https://docs.docker.com/engine/reference/commandline/login/#credentials-store

Login Succeeded
Pulling docker.pkg.github.com/smartassert/instance-manager/php-actions_composer_instance-manager:php-latest-build2
php-latest-build2: Pulling from smartassert/instance-manager/php-actions_composer_instance-manager
a0d0a0d46f8b: Pulling fs layer
153eea49496a: Pulling fs layer
11efd0df1fcb: Pulling fs layer
b3f3214c344d: Pulling fs layer
b030db4cf62f: Pulling fs layer
5add8d0d1091: Pulling fs layer
4061c20798a1: Pulling fs layer
af9c648d2e05: Pulling fs layer
fdb1a2e635da: Pulling fs layer
e3e345571f4a: Pulling fs layer
b3f3214c344d: Waiting
b030db4cf62f: Waiting
5add8d0d1091: Waiting
4061c20798a1: Waiting
af9c648d2e05: Waiting
fdb1a2e635da: Waiting
e3e345571f4a: Waiting
11efd0df1fcb: Verifying Checksum
11efd0df1fcb: Download complete
a0d0a0d46f8b: Verifying Checksum
a0d0a0d46f8b: Download complete
153eea49496a: Verifying Checksum
153eea49496a: Download complete
a0d0a0d46f8b: Pull complete
b3f3214c344d: Verifying Checksum
b3f3214c344d: Download complete
5add8d0d1091: Verifying Checksum
5add8d0d1091: Download complete
b030db4cf62f: Verifying Checksum
b030db4cf62f: Download complete
fdb1a2e635da: Verifying Checksum
fdb1a2e635da: Download complete
af9c648d2e05: Download complete
4061c20798a1: Verifying Checksum
4061c20798a1: Download complete
153eea49496a: Pull complete
11efd0df1fcb: Pull complete
b3f3214c344d: Pull complete
b030db4cf62f: Pull complete
5add8d0d1091: Pull complete
e3e345571f4a: Verifying Checksum
e3e345571f4a: Download complete
4061c20798a1: Pull complete
af9c648d2e05: Pull complete
fdb1a2e635da: Pull complete
e3e345571f4a: Pull complete
Digest: sha256:54c7f76998771d8e05e0dfa45122c7aa110710f4afb5795dd283624878edb4fa
Status: Downloaded newer image for docker.pkg.github.com/smartassert/instance-manager/php-actions_composer_instance-manager:php-latest-build2
docker.pkg.github.com/smartassert/instance-manager/php-actions_composer_instance-manager:php-latest-build2
Docker tag: docker.pkg.github.com/smartassert/instance-manager/php-actions_composer_instance-manager:php-latest-build2
No private keys supplied
Command: composer install --no-progress --no-interaction --ignore-platform-reqs --quiet
Skipping env variable PWD
Skipping env variable HOME
Skipping env variable SHLVL
Skipping env variable PATH
Running php-build composer
WARNING! Your password will be stored unencrypted in /home/runner/.docker/config.json.
Configure a credential helper to remove this warning. See
https://docs.docker.com/engine/reference/commandline/login/#credentials-store

Login Succeeded
Pulling docker.pkg.github.com/smartassert/instance-manager/php-actions_composer_instance-manager:php-latest-build2
php-latest-build2: Pulling from smartassert/instance-manager/php-actions_composer_instance-manager
a0d0a0d46f8b: Pulling fs layer
153eea49496a: Pulling fs layer
11efd0df1fcb: Pulling fs layer
b3f3214c344d: Pulling fs layer
b030db4cf62f: Pulling fs layer
5add8d0d1091: Pulling fs layer
4061c20798a1: Pulling fs layer
af9c648d2e05: Pulling fs layer
fdb1a2e635da: Pulling fs layer
e3e345571f4a: Pulling fs layer
b3f3214c344d: Waiting
b030db4cf62f: Waiting
5add8d0d1091: Waiting
4061c20798a1: Waiting
af9c648d2e05: Waiting
fdb1a2e635da: Waiting
e3e345571f4a: Waiting
11efd0df1fcb: Download complete
153eea49496a: Verifying Checksum
153eea49496a: Download complete
a0d0a0d46f8b: Verifying Checksum
a0d0a0d46f8b: Download complete
a0d0a0d46f8b: Pull complete
153eea49496a: Pull complete
b3f3214c344d: Verifying Checksum
b3f3214c344d: Download complete
5add8d0d1091: Verifying Checksum
5add8d0d1091: Download complete
11efd0df1fcb: Pull complete
b3f3214c344d: Pull complete
b030db4cf62f: Download complete
b030db4cf62f: Pull complete
af9c648d2e05: Verifying Checksum
af9c648d2e05: Download complete
5add8d0d1091: Pull complete
fdb1a2e635da: Verifying Checksum
fdb1a2e635da: Download complete
4061c20798a1: Verifying Checksum
4061c20798a1: Download complete
e3e345571f4a: Verifying Checksum
e3e345571f4a: Download complete
4061c20798a1: Pull complete
af9c648d2e05: Pull complete
fdb1a2e635da: Pull complete
e3e345571f4a: Pull complete
Digest: sha256:54c7f76998771d8e05e0dfa45122c7aa110710f4afb5795dd283624878edb4fa
Status: Downloaded newer image for docker.pkg.github.com/smartassert/instance-manager/php-actions_composer_instance-manager:php-latest-build2
docker.pkg.github.com/smartassert/instance-manager/php-actions_composer_instance-manager:php-latest-build2
Docker tag: docker.pkg.github.com/smartassert/instance-manager/php-actions_composer_instance-manager:php-latest-build2
No private keys supplied
Command: composer install --no-progress --no-interaction --ignore-platform-reqs --quiet
Skipping env variable PWD
Skipping env variable HOME
Skipping env variable SHLVL
Skipping env variable PATH
